
> investorraise-autopilot@0.1.0 build
> next build

Î“Ă»â–“ Next.js 16.1.6 (Turbopack)
- Environments: .env.local

Î“ĂśĂˇ The "middleware" file convention is deprecated. Please use "proxy" instead. Learn more: https://nextjs.org/docs/messages/middleware-to-proxy
  Creating an optimized production build ...
Found 1 warning while optimizing generated CSS:

Î“Ă¶Ă©   }
Î“Ă¶Ă© }
Î“Ă¶Ă© @import url('https://fonts.googleapis.com/css2?family=Inter:wght@300;400;450;500;600;700&display=swap');
Î“Ă¶ĂĄ        ^-- @import rules must precede all rules aside from @charset and @layer statements
Î“Ă¶ĂĄ
Î“Ă¶Ă© :root {
Î“Ă¶Ă©   --background: #FAFAF8;

Î“ÂŁĂ´ Compiled successfully in 3.4s
  Running TypeScript ...
  Collecting page data using 7 workers ...
  Generating static pages using 7 workers (0/48) ...
  Generating static pages using 7 workers (12/48) 
  Generating static pages using 7 workers (24/48) 
  Generating static pages using 7 workers (36/48) 
Î“ÂŁĂ´ Generating static pages using 7 workers (48/48) in 446.5ms
  Finalizing page optimization ...

Route (app)
Î“Ă¶Ă® Î“ĂąĂŻ /
Î“Ă¶ÂŁ Î“ĂąĂŻ /_not-found
Î“Ă¶ÂŁ Î“ĂąĂŻ /activity
Î“Ă¶ÂŁ Î“ĂąĂŻ /analytics
Î“Ă¶ÂŁ â•žĂ† /api/analytics/linkedin
Î“Ă¶ÂŁ â•žĂ† /api/auth/callback
Î“Ă¶ÂŁ â•žĂ† /api/auth/linkedin
Î“Ă¶ÂŁ â•žĂ† /api/auth/linkedin/callback
Î“Ă¶ÂŁ â•žĂ† /api/auth/youtube
Î“Ă¶ÂŁ â•žĂ† /api/auth/youtube/callback
Î“Ă¶ÂŁ â•žĂ† /api/cron/plan
Î“Ă¶ÂŁ â•žĂ† /api/cron/publish
Î“Ă¶ÂŁ â•žĂ† /api/cron/sync-linkedin-analytics
Î“Ă¶ÂŁ â•žĂ† /api/cron/visual
Î“Ă¶ÂŁ â•žĂ† /api/cron/world-scan
Î“Ă¶ÂŁ â•žĂ† /api/cron/write
Î“Ă¶ÂŁ â•žĂ† /api/generate/image
Î“Ă¶ÂŁ â•žĂ† /api/generate/plan
Î“Ă¶ÂŁ â•žĂ† /api/generate/text
Î“Ă¶ÂŁ â•žĂ† /api/linkedin/generate-image
Î“Ă¶ÂŁ â•žĂ† /api/linkedin/org-id
Î“Ă¶ÂŁ â•žĂ† /api/linkedin/post
Î“Ă¶ÂŁ â•žĂ† /api/linkedin/posts
Î“Ă¶ÂŁ â•žĂ† /api/linkedin/profile
Î“Ă¶ÂŁ â•žĂ† /api/linkedin/profile-setup
Î“Ă¶ÂŁ â•žĂ† /api/linkedin/save-post
Î“Ă¶ÂŁ â•žĂ† /api/linkedin/saved-posts
Î“Ă¶ÂŁ â•žĂ† /api/linkedin/token
Î“Ă¶ÂŁ â•žĂ† /api/post/approve
Î“Ă¶ÂŁ â•žĂ† /api/post/publish
Î“Ă¶ÂŁ â•žĂ† /api/settings/connections
Î“Ă¶ÂŁ â•žĂ† /api/youtube/generate-video
Î“Ă¶ÂŁ â•žĂ† /api/youtube/upload
Î“Ă¶ÂŁ â•žĂ† /api/youtube/videos
Î“Ă¶ÂŁ Î“ĂąĂŻ /auth/callback
Î“Ă¶ÂŁ Î“ĂąĂŻ /brand
Î“Ă¶ÂŁ Î“ĂąĂŻ /calendar
Î“Ă¶ÂŁ Î“ĂąĂŻ /dashboard
Î“Ă¶ÂŁ Î“ĂąĂŻ /linkedin
Î“Ă¶ÂŁ Î“ĂąĂŻ /linkedin/setup
Î“Ă¶ÂŁ Î“ĂąĂŻ /login
Î“Ă¶ÂŁ â•žĂ† /post/[id]
Î“Ă¶ÂŁ Î“ĂąĂŻ /settings
Î“Ă¶ÂŁ Î“ĂąĂŻ /settings/connections
Î“Ă¶ÂŁ Î“ĂąĂŻ /signup
Î“Ă¶ÂŁ Î“ĂąĂŻ /studio
Î“Ă¶Ă¶ Î“ĂąĂŻ /youtube


â•žĂ† Proxy (Middleware)

Î“ĂąĂŻ  (Static)   prerendered as static content
â•žĂ†  (Dynamic)  server-rendered on demand

